[2022-07-11 09:14:30,211] {taskinstance.py:1159} INFO - Dependencies all met for <TaskInstance: LocalIngestionDAD.download scheduled__2022-04-05T06:00:00+00:00 [queued]>
[2022-07-11 09:14:30,263] {taskinstance.py:1159} INFO - Dependencies all met for <TaskInstance: LocalIngestionDAD.download scheduled__2022-04-05T06:00:00+00:00 [queued]>
[2022-07-11 09:14:30,270] {taskinstance.py:1356} INFO - 
--------------------------------------------------------------------------------
[2022-07-11 09:14:30,275] {taskinstance.py:1357} INFO - Starting attempt 1 of 1
[2022-07-11 09:14:30,285] {taskinstance.py:1358} INFO - 
--------------------------------------------------------------------------------
[2022-07-11 09:14:30,376] {taskinstance.py:1377} INFO - Executing <Task(BashOperator): download> on 2022-04-05 06:00:00+00:00
[2022-07-11 09:14:30,413] {standard_task_runner.py:52} INFO - Started process 8106 to run task
[2022-07-11 09:14:30,420] {standard_task_runner.py:79} INFO - Running: ['***', 'tasks', 'run', 'LocalIngestionDAD', 'download', 'scheduled__2022-04-05T06:00:00+00:00', '--job-id', '115', '--raw', '--subdir', 'DAGS_FOLDER/data_ingestion_postgres.py', '--cfg-path', '/tmp/tmpquko_vim', '--error-file', '/tmp/tmp61gz1ct3']
[2022-07-11 09:14:30,434] {standard_task_runner.py:80} INFO - Job 115: Subtask download
[2022-07-11 09:14:30,681] {task_command.py:370} INFO - Running <TaskInstance: LocalIngestionDAD.download scheduled__2022-04-05T06:00:00+00:00 [running]> on host 3dadab756f88
[2022-07-11 09:14:31,025] {warnings.py:110} WARNING - /home/***/.local/lib/python3.7/site-packages/***/utils/context.py:202: AirflowContextDeprecationWarning: Accessing 'execution_date' from the template is deprecated and will be removed in a future version. Please use 'data_interval_start' or 'logical_date' instead.
  warnings.warn(_create_deprecation_warning(key, self._deprecation_replacements[key]))

[2022-07-11 09:14:31,417] {taskinstance.py:1571} INFO - Exporting the following env vars:
AIRFLOW_CTX_DAG_OWNER=***
AIRFLOW_CTX_DAG_ID=LocalIngestionDAD
AIRFLOW_CTX_TASK_ID=download
AIRFLOW_CTX_EXECUTION_DATE=2022-04-05T06:00:00+00:00
AIRFLOW_CTX_TRY_NUMBER=1
AIRFLOW_CTX_DAG_RUN_ID=scheduled__2022-04-05T06:00:00+00:00
[2022-07-11 09:14:31,423] {subprocess.py:62} INFO - Tmp dir root location: 
 /tmp
[2022-07-11 09:14:31,432] {subprocess.py:74} INFO - Running command: ['bash', '-c', 'curl -sSL https://d37ci6vzurychx.cloudfront.net/trip-data/yellow_tripdata_2022-04.parquet > /opt/***/output_2022-04.parquet']
[2022-07-11 09:14:31,510] {subprocess.py:85} INFO - Output:
[2022-07-11 09:14:45,011] {subprocess.py:96} INFO - Command exited with return code 0
[2022-07-11 09:14:46,325] {taskinstance.py:1400} INFO - Marking task as SUCCESS. dag_id=LocalIngestionDAD, task_id=download, execution_date=20220405T060000, start_date=20220711T091430, end_date=20220711T091446
[2022-07-11 09:14:47,469] {local_task_job.py:156} INFO - Task exited with return code 0
[2022-07-11 09:14:49,267] {local_task_job.py:273} INFO - 0 downstream tasks scheduled from follow-on schedule check
[2022-07-12 08:40:50,690] {taskinstance.py:1159} INFO - Dependencies all met for <TaskInstance: LocalIngestionDAD.download scheduled__2022-04-05T06:00:00+00:00 [queued]>
[2022-07-12 08:40:50,724] {taskinstance.py:1159} INFO - Dependencies all met for <TaskInstance: LocalIngestionDAD.download scheduled__2022-04-05T06:00:00+00:00 [queued]>
[2022-07-12 08:40:50,728] {taskinstance.py:1356} INFO - 
--------------------------------------------------------------------------------
[2022-07-12 08:40:50,732] {taskinstance.py:1357} INFO - Starting attempt 1 of 1
[2022-07-12 08:40:50,736] {taskinstance.py:1358} INFO - 
--------------------------------------------------------------------------------
[2022-07-12 08:40:50,807] {taskinstance.py:1377} INFO - Executing <Task(BashOperator): download> on 2022-04-05 06:00:00+00:00
[2022-07-12 08:40:50,819] {standard_task_runner.py:52} INFO - Started process 1308 to run task
[2022-07-12 08:40:50,827] {standard_task_runner.py:79} INFO - Running: ['***', 'tasks', 'run', 'LocalIngestionDAD', 'download', 'scheduled__2022-04-05T06:00:00+00:00', '--job-id', '23', '--raw', '--subdir', 'DAGS_FOLDER/data_ingestion_postgres.py', '--cfg-path', '/tmp/tmps5sslcjm', '--error-file', '/tmp/tmpf5gqchpp']
[2022-07-12 08:40:50,832] {standard_task_runner.py:80} INFO - Job 23: Subtask download
[2022-07-12 08:40:50,995] {task_command.py:370} INFO - Running <TaskInstance: LocalIngestionDAD.download scheduled__2022-04-05T06:00:00+00:00 [running]> on host ef58f039b0e2
[2022-07-12 08:40:51,123] {warnings.py:110} WARNING - /home/***/.local/lib/python3.7/site-packages/***/utils/context.py:202: AirflowContextDeprecationWarning: Accessing 'execution_date' from the template is deprecated and will be removed in a future version. Please use 'data_interval_start' or 'logical_date' instead.
  warnings.warn(_create_deprecation_warning(key, self._deprecation_replacements[key]))

[2022-07-12 08:40:51,227] {taskinstance.py:1571} INFO - Exporting the following env vars:
AIRFLOW_CTX_DAG_OWNER=***
AIRFLOW_CTX_DAG_ID=LocalIngestionDAD
AIRFLOW_CTX_TASK_ID=download
AIRFLOW_CTX_EXECUTION_DATE=2022-04-05T06:00:00+00:00
AIRFLOW_CTX_TRY_NUMBER=1
AIRFLOW_CTX_DAG_RUN_ID=scheduled__2022-04-05T06:00:00+00:00
[2022-07-12 08:40:51,230] {subprocess.py:62} INFO - Tmp dir root location: 
 /tmp
[2022-07-12 08:40:51,233] {subprocess.py:74} INFO - Running command: ['bash', '-c', 'curl -sSL https://d37ci6vzurychx.cloudfront.net/trip-data/yellow_tripdata_2022-04.parquet > /opt/***/output_2022-04.parquet']
[2022-07-12 08:40:51,254] {subprocess.py:85} INFO - Output:
[2022-07-12 08:40:58,460] {subprocess.py:96} INFO - Command exited with return code 0
[2022-07-12 08:40:58,564] {taskinstance.py:1400} INFO - Marking task as SUCCESS. dag_id=LocalIngestionDAD, task_id=download, execution_date=20220405T060000, start_date=20220712T084050, end_date=20220712T084058
[2022-07-12 08:40:58,658] {local_task_job.py:156} INFO - Task exited with return code 0
[2022-07-12 08:40:58,831] {local_task_job.py:273} INFO - 1 downstream tasks scheduled from follow-on schedule check
