[2022-07-12 09:09:23,362] {taskinstance.py:1159} INFO - Dependencies all met for <TaskInstance: LocalIngestionDAD.ingest scheduled__2022-04-05T06:00:00+00:00 [queued]>
[2022-07-12 09:09:23,381] {taskinstance.py:1159} INFO - Dependencies all met for <TaskInstance: LocalIngestionDAD.ingest scheduled__2022-04-05T06:00:00+00:00 [queued]>
[2022-07-12 09:09:23,382] {taskinstance.py:1356} INFO - 
--------------------------------------------------------------------------------
[2022-07-12 09:09:23,382] {taskinstance.py:1357} INFO - Starting attempt 4 of 4
[2022-07-12 09:09:23,383] {taskinstance.py:1358} INFO - 
--------------------------------------------------------------------------------
[2022-07-12 09:09:23,414] {taskinstance.py:1377} INFO - Executing <Task(PythonOperator): ingest> on 2022-04-05 06:00:00+00:00
[2022-07-12 09:09:23,423] {standard_task_runner.py:52} INFO - Started process 2458 to run task
[2022-07-12 09:09:23,428] {standard_task_runner.py:79} INFO - Running: ['***', 'tasks', 'run', 'LocalIngestionDAD', 'ingest', 'scheduled__2022-04-05T06:00:00+00:00', '--job-id', '28', '--raw', '--subdir', 'DAGS_FOLDER/data_ingestion_postgres.py', '--cfg-path', '/tmp/tmputzleeax', '--error-file', '/tmp/tmpqfc_7aow']
[2022-07-12 09:09:23,431] {standard_task_runner.py:80} INFO - Job 28: Subtask ingest
[2022-07-12 09:09:23,542] {task_command.py:370} INFO - Running <TaskInstance: LocalIngestionDAD.ingest scheduled__2022-04-05T06:00:00+00:00 [running]> on host ef58f039b0e2
[2022-07-12 09:09:23,663] {warnings.py:110} WARNING - /home/***/.local/lib/python3.7/site-packages/***/utils/context.py:202: AirflowContextDeprecationWarning: Accessing 'execution_date' from the template is deprecated and will be removed in a future version. Please use 'data_interval_start' or 'logical_date' instead.
  warnings.warn(_create_deprecation_warning(key, self._deprecation_replacements[key]))

[2022-07-12 09:09:23,815] {taskinstance.py:1571} INFO - Exporting the following env vars:
AIRFLOW_CTX_DAG_OWNER=***
AIRFLOW_CTX_DAG_ID=LocalIngestionDAD
AIRFLOW_CTX_TASK_ID=ingest
AIRFLOW_CTX_EXECUTION_DATE=2022-04-05T06:00:00+00:00
AIRFLOW_CTX_TRY_NUMBER=4
AIRFLOW_CTX_DAG_RUN_ID=scheduled__2022-04-05T06:00:00+00:00
[2022-07-12 09:09:23,836] {logging_mixin.py:115} INFO - connection established successfully, inserting data...
[2022-07-12 09:09:41,983] {warnings.py:110} WARNING - /home/***/.local/lib/python3.7/site-packages/***/operators/python.py:189: DtypeWarning: Columns (6) have mixed types.Specify dtype option on import or set low_memory=False.
  return self.python_callable(*self.op_args, **self.op_kwargs)

[2022-07-12 09:10:55,312] {logging_mixin.py:115} INFO - inserted another chunk, took 35.600 second
[2022-07-12 09:11:23,916] {logging_mixin.py:115} INFO - inserted another chunk, took 28.603 second
[2022-07-12 09:11:45,504] {logging_mixin.py:115} INFO - inserted another chunk, took 21.587 second
[2022-07-12 09:12:09,018] {logging_mixin.py:115} INFO - inserted another chunk, took 23.513 second
[2022-07-12 09:12:30,542] {logging_mixin.py:115} INFO - inserted another chunk, took 21.522 second
[2022-07-12 09:12:53,783] {logging_mixin.py:115} INFO - inserted another chunk, took 23.240 second
[2022-07-12 09:13:28,204] {logging_mixin.py:115} INFO - inserted another chunk, took 34.421 second
[2022-07-12 09:14:04,985] {logging_mixin.py:115} INFO - inserted another chunk, took 36.780 second
[2022-07-12 09:14:37,497] {logging_mixin.py:115} INFO - inserted another chunk, took 32.511 second
[2022-07-12 09:15:10,159] {logging_mixin.py:115} INFO - inserted another chunk, took 32.661 second
[2022-07-12 09:15:34,892] {logging_mixin.py:115} INFO - inserted another chunk, took 24.732 second
[2022-07-12 09:16:04,150] {logging_mixin.py:115} INFO - inserted another chunk, took 29.257 second
[2022-07-12 09:16:37,108] {logging_mixin.py:115} INFO - inserted another chunk, took 32.957 second
[2022-07-12 09:17:08,344] {logging_mixin.py:115} INFO - inserted another chunk, took 31.235 second
[2022-07-12 09:17:36,806] {logging_mixin.py:115} INFO - inserted another chunk, took 28.461 second
[2022-07-12 09:17:59,236] {logging_mixin.py:115} INFO - inserted another chunk, took 22.429 second
[2022-07-12 09:18:27,679] {logging_mixin.py:115} INFO - inserted another chunk, took 28.442 second
[2022-07-12 09:18:50,720] {logging_mixin.py:115} INFO - inserted another chunk, took 23.039 second
[2022-07-12 09:19:15,229] {logging_mixin.py:115} INFO - inserted another chunk, took 24.509 second
[2022-07-12 09:19:44,892] {logging_mixin.py:115} INFO - inserted another chunk, took 29.661 second
[2022-07-12 09:20:19,112] {logging_mixin.py:115} INFO - inserted another chunk, took 34.219 second
[2022-07-12 09:20:42,202] {logging_mixin.py:115} INFO - inserted another chunk, took 23.089 second
[2022-07-12 09:21:08,679] {logging_mixin.py:115} INFO - inserted another chunk, took 26.476 second
[2022-07-12 09:21:37,424] {logging_mixin.py:115} INFO - inserted another chunk, took 28.744 second
[2022-07-12 09:21:57,182] {local_task_job.py:221} WARNING - State of this instance has been externally set to success. Terminating instance.
[2022-07-12 09:21:57,205] {process_utils.py:129} INFO - Sending Signals.SIGTERM to group 2458. PIDs of all processes in the group: [2458]
[2022-07-12 09:21:57,206] {process_utils.py:80} INFO - Sending the signal Signals.SIGTERM to group 2458
[2022-07-12 09:21:57,207] {taskinstance.py:1541} ERROR - Received SIGTERM. Terminating subprocesses.
[2022-07-12 09:21:57,380] {process_utils.py:75} INFO - Process psutil.Process(pid=2458, status='terminated', exitcode=0, started='09:09:23') (2458) terminated with exit code 0
