[2022-07-12 08:46:01,107] {taskinstance.py:1159} INFO - Dependencies all met for <TaskInstance: LocalIngestionDAD.ingest scheduled__2022-04-05T06:00:00+00:00 [queued]>
[2022-07-12 08:46:01,131] {taskinstance.py:1159} INFO - Dependencies all met for <TaskInstance: LocalIngestionDAD.ingest scheduled__2022-04-05T06:00:00+00:00 [queued]>
[2022-07-12 08:46:01,132] {taskinstance.py:1356} INFO - 
--------------------------------------------------------------------------------
[2022-07-12 08:46:01,133] {taskinstance.py:1357} INFO - Starting attempt 2 of 2
[2022-07-12 08:46:01,133] {taskinstance.py:1358} INFO - 
--------------------------------------------------------------------------------
[2022-07-12 08:46:01,174] {taskinstance.py:1377} INFO - Executing <Task(PythonOperator): ingest> on 2022-04-05 06:00:00+00:00
[2022-07-12 08:46:01,185] {standard_task_runner.py:52} INFO - Started process 1514 to run task
[2022-07-12 08:46:01,191] {standard_task_runner.py:79} INFO - Running: ['***', 'tasks', 'run', 'LocalIngestionDAD', 'ingest', 'scheduled__2022-04-05T06:00:00+00:00', '--job-id', '26', '--raw', '--subdir', 'DAGS_FOLDER/data_ingestion_postgres.py', '--cfg-path', '/tmp/tmpxkgjrdh4', '--error-file', '/tmp/tmpz7ozq7zj']
[2022-07-12 08:46:01,193] {standard_task_runner.py:80} INFO - Job 26: Subtask ingest
[2022-07-12 08:46:01,302] {task_command.py:370} INFO - Running <TaskInstance: LocalIngestionDAD.ingest scheduled__2022-04-05T06:00:00+00:00 [running]> on host ef58f039b0e2
[2022-07-12 08:46:01,386] {warnings.py:110} WARNING - /home/***/.local/lib/python3.7/site-packages/***/utils/context.py:202: AirflowContextDeprecationWarning: Accessing 'execution_date' from the template is deprecated and will be removed in a future version. Please use 'data_interval_start' or 'logical_date' instead.
  warnings.warn(_create_deprecation_warning(key, self._deprecation_replacements[key]))

[2022-07-12 08:46:01,505] {taskinstance.py:1571} INFO - Exporting the following env vars:
AIRFLOW_CTX_DAG_OWNER=***
AIRFLOW_CTX_DAG_ID=LocalIngestionDAD
AIRFLOW_CTX_TASK_ID=ingest
AIRFLOW_CTX_EXECUTION_DATE=2022-04-05T06:00:00+00:00
AIRFLOW_CTX_TRY_NUMBER=2
AIRFLOW_CTX_DAG_RUN_ID=scheduled__2022-04-05T06:00:00+00:00
[2022-07-12 08:46:01,509] {logging_mixin.py:115} INFO - yellow_taxi_2022_04 /opt/***/output_2022-04.csv
[2022-07-12 08:46:01,524] {logging_mixin.py:115} INFO - <sqlalchemy.engine.base.Connection object at 0x7f88c99aaa10>
[2022-07-12 08:46:01,525] {python.py:173} INFO - Done. Returned value was: None
[2022-07-12 08:46:01,552] {taskinstance.py:1400} INFO - Marking task as SUCCESS. dag_id=LocalIngestionDAD, task_id=ingest, execution_date=20220405T060000, start_date=20220712T084601, end_date=20220712T084601
[2022-07-12 08:46:01,606] {local_task_job.py:156} INFO - Task exited with return code 0
[2022-07-12 08:46:01,686] {local_task_job.py:273} INFO - 0 downstream tasks scheduled from follow-on schedule check
