[2022-07-11 09:14:36,392] {taskinstance.py:1159} INFO - Dependencies all met for <TaskInstance: LocalIngestionDAD.convert scheduled__2022-03-05T06:00:00+00:00 [queued]>
[2022-07-11 09:14:36,413] {taskinstance.py:1159} INFO - Dependencies all met for <TaskInstance: LocalIngestionDAD.convert scheduled__2022-03-05T06:00:00+00:00 [queued]>
[2022-07-11 09:14:36,414] {taskinstance.py:1356} INFO - 
--------------------------------------------------------------------------------
[2022-07-11 09:14:36,415] {taskinstance.py:1357} INFO - Starting attempt 1 of 1
[2022-07-11 09:14:36,416] {taskinstance.py:1358} INFO - 
--------------------------------------------------------------------------------
[2022-07-11 09:14:36,452] {taskinstance.py:1377} INFO - Executing <Task(PythonOperator): convert> on 2022-03-05 06:00:00+00:00
[2022-07-11 09:14:36,466] {standard_task_runner.py:52} INFO - Started process 8112 to run task
[2022-07-11 09:14:36,471] {standard_task_runner.py:79} INFO - Running: ['***', 'tasks', 'run', 'LocalIngestionDAD', 'convert', 'scheduled__2022-03-05T06:00:00+00:00', '--job-id', '116', '--raw', '--subdir', 'DAGS_FOLDER/data_ingestion_postgres.py', '--cfg-path', '/tmp/tmp20ugcq8w', '--error-file', '/tmp/tmp8gv4wi50']
[2022-07-11 09:14:36,473] {standard_task_runner.py:80} INFO - Job 116: Subtask convert
[2022-07-11 09:14:36,779] {task_command.py:370} INFO - Running <TaskInstance: LocalIngestionDAD.convert scheduled__2022-03-05T06:00:00+00:00 [running]> on host 3dadab756f88
[2022-07-11 09:14:36,883] {warnings.py:110} WARNING - /home/***/.local/lib/python3.7/site-packages/***/utils/context.py:202: AirflowContextDeprecationWarning: Accessing 'execution_date' from the template is deprecated and will be removed in a future version. Please use 'data_interval_start' or 'logical_date' instead.
  warnings.warn(_create_deprecation_warning(key, self._deprecation_replacements[key]))

[2022-07-11 09:14:36,993] {taskinstance.py:1571} INFO - Exporting the following env vars:
AIRFLOW_CTX_DAG_OWNER=***
AIRFLOW_CTX_DAG_ID=LocalIngestionDAD
AIRFLOW_CTX_TASK_ID=convert
AIRFLOW_CTX_EXECUTION_DATE=2022-03-05T06:00:00+00:00
AIRFLOW_CTX_TRY_NUMBER=1
AIRFLOW_CTX_DAG_RUN_ID=scheduled__2022-03-05T06:00:00+00:00
[2022-07-11 09:14:36,996] {logging_mixin.py:115} INFO - /opt/***/output_2022-03.parquet
[2022-07-11 09:17:30,615] {python.py:173} INFO - Done. Returned value was: None
[2022-07-11 09:17:31,685] {taskinstance.py:1400} INFO - Marking task as SUCCESS. dag_id=LocalIngestionDAD, task_id=convert, execution_date=20220305T060000, start_date=20220711T091436, end_date=20220711T091731
[2022-07-11 09:17:32,127] {local_task_job.py:156} INFO - Task exited with return code 0
[2022-07-11 09:17:32,319] {local_task_job.py:273} INFO - 1 downstream tasks scheduled from follow-on schedule check
